#-----------------------------------------------------------
# PlanAhead v14.7 (64-bit)
# Build 321239 by xbuild on Fri Sep 27 19:24:36 MDT 2013
# Start of session at: Fri Jun 12 21:09:22 2020
# Process ID: 11828
# Log file: /csehome/sjarelkral/Work/Microprocessor/Microprocessor/planAhead_run_1/planAhead.log
# Journal file: /csehome/sjarelkral/Work/Microprocessor/Microprocessor/planAhead_run_1/planAhead.jou
#-----------------------------------------------------------
INFO: [Common 17-78] Attempting to get a license: PlanAhead
INFO: [Common 17-290] Got license for PlanAhead
INFO: [Common 17-86] Your PlanAhead license expires in -1534 day(s)
INFO: [Device 21-36] Loading parts and site information from /opt/Xilinx/14.7/ISE_DS/PlanAhead/data/parts/arch.xml
Parsing RTL primitives file [/opt/Xilinx/14.7/ISE_DS/PlanAhead/data/parts/xilinx/rtl/prims/rtl_prims.xml]
Finished parsing RTL primitives file [/opt/Xilinx/14.7/ISE_DS/PlanAhead/data/parts/xilinx/rtl/prims/rtl_prims.xml]
start_gui
source /csehome/sjarelkral/Work/Microprocessor/Microprocessor/pa.fromNetlist.tcl
# create_project -name Microprocessor -dir "/csehome/sjarelkral/Work/Microprocessor/Microprocessor/planAhead_run_1" -part xc3s50antqg144-5
# set_property design_mode GateLvl [get_property srcset [current_run -impl]]
# set_property edif_top_file "/csehome/sjarelkral/Work/Microprocessor/Microprocessor/Microprocessor.ngc" [ get_property srcset [ current_run ] ]
# add_files -norecurse { {/csehome/sjarelkral/Work/Microprocessor/Microprocessor} }
# set_param project.pinAheadLayout  yes
# set_property target_constrs_file "Microprocessor.ucf" [current_fileset -constrset]
Adding file '/csehome/sjarelkral/Work/Microprocessor/Microprocessor/Microprocessor.ucf' to fileset 'constrs_1'
# add_files [list {Microprocessor.ucf}] -fileset [get_property constrset [current_run]]
# link_design
Design is defaulting to srcset: sources_1
Design is defaulting to constrset: constrs_1
Design is defaulting to project part: xc3s50antqg144-5
Release 14.7 - ngc2edif P.20131013 (lin64)
Copyright (c) 1995-2013 Xilinx, Inc.  All rights reserved.

Release 14.7 - ngc2edif P.20131013 (lin64)
Copyright (c) 1995-2013 Xilinx, Inc.  All rights reserved.
Reading design Microprocessor.ngc ...
WARNING:NetListWriters:298 - No output is written to Microprocessor.xncf,
   ignored.
Processing design ...
   Preping design's networks ...
   Preping design's macros ...
WARNING:NetListWriters:306 - Signal bus Madd_pc_mux0000_cy<3 : 0> on block
   Microprocessor is not reconstructed, because there are some missing bus
   signals.
WARNING:NetListWriters:306 - Signal bus _COND_4<7 : 0> on block Microprocessor
   is not reconstructed, because there are some missing bus signals.
WARNING:NetListWriters:306 - Signal bus ir<7 : 0> on block Microprocessor is not
   reconstructed, because there are some missing bus signals.
  finished :Prep
Writing EDIF netlist file Microprocessor.edif ...
ngc2edif: Total memory usage is 93596 kilobytes

Parsing EDIF File [./planAhead_run_1/Microprocessor.data/cache/Microprocessor_ngc_8dfefed0.edif]
Finished Parsing EDIF File [./planAhead_run_1/Microprocessor.data/cache/Microprocessor_ngc_8dfefed0.edif]
INFO: [Designutils 20-910] Reading macro library /opt/Xilinx/14.7/ISE_DS/PlanAhead/data/./parts/xilinx/spartan3a/hd_int_macros.edn
Parsing EDIF File [/opt/Xilinx/14.7/ISE_DS/PlanAhead/data/./parts/xilinx/spartan3a/hd_int_macros.edn]
Finished Parsing EDIF File [/opt/Xilinx/14.7/ISE_DS/PlanAhead/data/./parts/xilinx/spartan3a/hd_int_macros.edn]
WARNING: [Netlist 29-43] Netlist 'Microprocessor' is not ideal for floorplanning, since the cellview 'Microprocessor' defined in file 'Microprocessor.ngc' contains large number of primitives.  Please consider enabling hierarchy in synthesis if you want to do floorplanning.
Loading clock regions from /opt/Xilinx/14.7/ISE_DS/PlanAhead/data/parts/xilinx/spartan3a/spartan3a/xc3s50an/ClockRegion.xml
Loading clock buffers from /opt/Xilinx/14.7/ISE_DS/PlanAhead/data/parts/xilinx/spartan3a/spartan3a/xc3s50an/ClockBuffers.xml
Loading package from /opt/Xilinx/14.7/ISE_DS/PlanAhead/data/parts/xilinx/spartan3a/spartan3a/xc3s50an/tqg144/Package.xml
Loading io standards from /opt/Xilinx/14.7/ISE_DS/PlanAhead/data/./parts/xilinx/spartan3a/IOStandards.xml
INFO: [Device 21-19] Loading pkg sso from /opt/Xilinx/14.7/ISE_DS/PlanAhead/data/parts/xilinx/spartan3a/spartan3a/xc3s50an/tqg144/SSORules.xml
Loading list of drcs for the architecture : /opt/Xilinx/14.7/ISE_DS/PlanAhead/data/./parts/xilinx/spartan3a/drc.xml
INFO: [Timing 38-77] Reading timing library /opt/Xilinx/14.7/ISE_DS/PlanAhead/data/parts/xilinx/spartan3a/spartan3a/spartan3a-5.lib.
INFO: [Timing 38-34] Done reading timing library /opt/Xilinx/14.7/ISE_DS/PlanAhead/data/parts/xilinx/spartan3a/spartan3a/spartan3a-5.lib.
Parsing UCF File [/csehome/sjarelkral/Work/Microprocessor/Microprocessor/Microprocessor.ucf]
Finished Parsing UCF File [/csehome/sjarelkral/Work/Microprocessor/Microprocessor/Microprocessor.ucf]
INFO: [Project 1-111] Unisim Transformation Summary:
No Unisim elements were transformed.

Phase 0 | Netlist Checksum: cd02a618
startgroup
set_property package_pin P76 [get_ports {pc_high[6]}]
endgroup
set_property package_pin "" [get_ports [list  {pc_high[4]}]]
startgroup
set_property package_pin P75 [get_ports {pc_high[5]}]
endgroup
startgroup
set_property package_pin P72 [get_ports {pc_high[4]}]
endgroup
startgroup
set_property package_pin P71 [get_ports {pc_high[3]}]
endgroup
startgroup
set_property package_pin P70 [get_ports {pc_high[2]}]
endgroup
startgroup
set_property package_pin P76 [get_ports {pc_high[6]}]
endgroup
startgroup
set_property package_pin P69 [get_ports {pc_high[1]}]
endgroup
startgroup
set_property package_pin P68 [get_ports {pc_high[0]}]
endgroup
set_property package_pin "" [get_ports [list  {pc_low[6]}]]
startgroup
set_property package_pin P85 [get_ports {pc_low[6]}]
endgroup
startgroup
set_property package_pin P84 [get_ports {pc_low[5]}]
endgroup
startgroup
set_property package_pin P83 [get_ports {pc_low[4]}]
endgroup
startgroup
set_property package_pin P82 [get_ports {pc_low[3]}]
endgroup
startgroup
set_property package_pin P79 [get_ports {pc_low[2]}]
endgroup
startgroup
set_property package_pin P78 [get_ports {pc_low[1]}]
endgroup
startgroup
set_property package_pin P77 [get_ports {pc_low[0]}]
endgroup
startgroup
set_property package_pin P83 [get_ports {pc_low[4]}]
endgroup
save_constraints
exit
ERROR: [#UNDEF] *** Exception: ui.h.b: Found deleted key in HTclEventBroker. Verify if the classes listed here call cleanup()
HTclEvent: SIGNAL_BUS_MODIFY   Classes: ui.views.aR 
HTclEvent: DEBUG_CORE_CONFIG_CHANGE   Classes: ui.views.aR 
HTclEvent: SIGNAL_MODIFY   Classes: ui.views.aR 
HTclEvent: DEBUG_PORT_CONFIG_CHANGE   Classes: ui.views.aR 
 (See /csehome/sjarelkral/Work/Microprocessor/Microprocessor/planAhead_pid11828.debug)
ERROR: [Common 17-39] 'stop_gui' failed due to earlier errors.
INFO: [Common 17-206] Exiting PlanAhead at Fri Jun 12 21:12:19 2020...
INFO: [Common 17-83] Releasing license: PlanAhead
