
****** PlanAhead v14.7 (64-bit)
  **** Build 321239 by xbuild on Fri Sep 27 19:24:36 MDT 2013
    ** Copyright 1986-1999, 2001-2013 Xilinx, Inc. All Rights Reserved.

INFO: [Common 17-78] Attempting to get a license: PlanAhead
INFO: [Common 17-290] Got license for PlanAhead
INFO: [Common 17-86] Your PlanAhead license expires in -1537 day(s)
INFO: [Device 21-36] Loading parts and site information from /opt/Xilinx/14.7/ISE_DS/PlanAhead/data/parts/arch.xml
Parsing RTL primitives file [/opt/Xilinx/14.7/ISE_DS/PlanAhead/data/parts/xilinx/rtl/prims/rtl_prims.xml]
Finished parsing RTL primitives file [/opt/Xilinx/14.7/ISE_DS/PlanAhead/data/parts/xilinx/rtl/prims/rtl_prims.xml]
start_gui
source /csehome/sjarelkral/Work/Microprocessor/Microprocessor/pa.fromNetlist.tcl
# create_project -name Microprocessor -dir "/csehome/sjarelkral/Work/Microprocessor/Microprocessor/planAhead_run_1" -part xc3s50antqg144-5
# set_property design_mode GateLvl [get_property srcset [current_run -impl]]
# set_property edif_top_file "/csehome/sjarelkral/Work/Microprocessor/Microprocessor/Microprocessor.ngc" [ get_property srcset [ current_run ] ]
# add_files -norecurse { {/csehome/sjarelkral/Work/Microprocessor/Microprocessor} }
# set_param project.pinAheadLayout  yes
# set_property target_constrs_file "Microprocessor.ucf" [current_fileset -constrset]
Adding file '/csehome/sjarelkral/Work/Microprocessor/Microprocessor/Microprocessor.ucf' to fileset 'constrs_1'
# add_files [list {Microprocessor.ucf}] -fileset [get_property constrset [current_run]]
# link_design
Design is defaulting to srcset: sources_1
Design is defaulting to constrset: constrs_1
Design is defaulting to project part: xc3s50antqg144-5
Release 14.7 - ngc2edif P.20131013 (lin64)
Copyright (c) 1995-2013 Xilinx, Inc.  All rights reserved.

Release 14.7 - ngc2edif P.20131013 (lin64)
Copyright (c) 1995-2013 Xilinx, Inc.  All rights reserved.
Reading design Microprocessor.ngc ...
WARNING:NetListWriters:298 - No output is written to Microprocessor.xncf,
   ignored.
Processing design ...
   Preping design's networks ...
   Preping design's macros ...
  finished :Prep
Writing EDIF netlist file Microprocessor.edif ...
ngc2edif: Total memory usage is 93604 kilobytes

Parsing EDIF File [./planAhead_run_1/Microprocessor.data/cache/Microprocessor_ngc_8dfefed0.edif]
Finished Parsing EDIF File [./planAhead_run_1/Microprocessor.data/cache/Microprocessor_ngc_8dfefed0.edif]
INFO: [Designutils 20-910] Reading macro library /opt/Xilinx/14.7/ISE_DS/PlanAhead/data/./parts/xilinx/spartan3a/hd_int_macros.edn
Parsing EDIF File [/opt/Xilinx/14.7/ISE_DS/PlanAhead/data/./parts/xilinx/spartan3a/hd_int_macros.edn]
Finished Parsing EDIF File [/opt/Xilinx/14.7/ISE_DS/PlanAhead/data/./parts/xilinx/spartan3a/hd_int_macros.edn]
WARNING: [Netlist 29-43] Netlist 'Microprocessor' is not ideal for floorplanning, since the cellview 'Microprocessor' defined in file 'Microprocessor.ngc' contains large number of primitives.  Please consider enabling hierarchy in synthesis if you want to do floorplanning.
Loading clock regions from /opt/Xilinx/14.7/ISE_DS/PlanAhead/data/parts/xilinx/spartan3a/spartan3a/xc3s50an/ClockRegion.xml
Loading clock buffers from /opt/Xilinx/14.7/ISE_DS/PlanAhead/data/parts/xilinx/spartan3a/spartan3a/xc3s50an/ClockBuffers.xml
Loading package from /opt/Xilinx/14.7/ISE_DS/PlanAhead/data/parts/xilinx/spartan3a/spartan3a/xc3s50an/tqg144/Package.xml
Loading io standards from /opt/Xilinx/14.7/ISE_DS/PlanAhead/data/./parts/xilinx/spartan3a/IOStandards.xml
INFO: [Device 21-19] Loading pkg sso from /opt/Xilinx/14.7/ISE_DS/PlanAhead/data/parts/xilinx/spartan3a/spartan3a/xc3s50an/tqg144/SSORules.xml
Loading list of drcs for the architecture : /opt/Xilinx/14.7/ISE_DS/PlanAhead/data/./parts/xilinx/spartan3a/drc.xml
INFO: [Timing 38-77] Reading timing library /opt/Xilinx/14.7/ISE_DS/PlanAhead/data/parts/xilinx/spartan3a/spartan3a/spartan3a-5.lib.
INFO: [Timing 38-34] Done reading timing library /opt/Xilinx/14.7/ISE_DS/PlanAhead/data/parts/xilinx/spartan3a/spartan3a/spartan3a-5.lib.
Parsing UCF File [/csehome/sjarelkral/Work/Microprocessor/Microprocessor/Microprocessor.ucf]
CRITICAL WARNING: [Constraints 18-11] Could not find net or pin 'dp_1' [/csehome/sjarelkral/Work/Microprocessor/Microprocessor/Microprocessor.ucf:75]
Finished Parsing UCF File [/csehome/sjarelkral/Work/Microprocessor/Microprocessor/Microprocessor.ucf]
INFO: [Designutils 20-20] Invalid constraints found, use command 'write_ucf -constraints invalid <file>' to save all the invalid constraints to a file
INFO: [Project 1-111] Unisim Transformation Summary:
No Unisim elements were transformed.

Phase 0 | Netlist Checksum: fad10f77
exit
ERROR: [Common 17-39] 'stop_gui' failed due to earlier errors.
INFO: [Common 17-206] Exiting PlanAhead at Mon Jun 15 21:45:44 2020...
INFO: [Common 17-83] Releasing license: PlanAhead
