Release 14.7 - xst P.20131013 (lin64)
Copyright (c) 1995-2013 Xilinx, Inc.  All rights reserved.
--> 
Parameter TMPDIR set to xst/projnav.tmp


Total REAL time to Xst completion: 0.00 secs
Total CPU time to Xst completion: 0.04 secs
 
--> 
Parameter xsthdpdir set to xst


Total REAL time to Xst completion: 0.00 secs
Total CPU time to Xst completion: 0.04 secs
 
--> 
Reading design: Microprocessor.prj

TABLE OF CONTENTS
  1) Synthesis Options Summary
  2) HDL Compilation
  3) Design Hierarchy Analysis
  4) HDL Analysis
  5) HDL Synthesis
     5.1) HDL Synthesis Report
  6) Advanced HDL Synthesis
     6.1) Advanced HDL Synthesis Report
  7) Low Level Synthesis
  8) Partition Report
  9) Final Report
	9.1) Device utilization summary
	9.2) Partition Resource Summary
	9.3) TIMING REPORT


=========================================================================
*                      Synthesis Options Summary                        *
=========================================================================
---- Source Parameters
Input File Name                    : "Microprocessor.prj"
Input Format                       : mixed
Ignore Synthesis Constraint File   : NO

---- Target Parameters
Output File Name                   : "Microprocessor"
Output Format                      : NGC
Target Device                      : xc3s50an-5-tqg144

---- Source Options
Top Module Name                    : Microprocessor
Automatic FSM Extraction           : YES
FSM Encoding Algorithm             : Auto
Safe Implementation                : No
FSM Style                          : LUT
RAM Extraction                     : Yes
RAM Style                          : Auto
ROM Extraction                     : Yes
Mux Style                          : Auto
Decoder Extraction                 : YES
Priority Encoder Extraction        : Yes
Shift Register Extraction          : YES
Logical Shifter Extraction         : YES
XOR Collapsing                     : YES
ROM Style                          : Auto
Mux Extraction                     : Yes
Resource Sharing                   : YES
Asynchronous To Synchronous        : NO
Multiplier Style                   : Auto
Automatic Register Balancing       : No

---- Target Options
Add IO Buffers                     : YES
Global Maximum Fanout              : 500
Add Generic Clock Buffer(BUFG)     : 24
Register Duplication               : YES
Slice Packing                      : YES
Optimize Instantiated Primitives   : NO
Use Clock Enable                   : Yes
Use Synchronous Set                : Yes
Use Synchronous Reset              : Yes
Pack IO Registers into IOBs        : Auto
Equivalent register Removal        : YES

---- General Options
Optimization Goal                  : Speed
Optimization Effort                : 1
Keep Hierarchy                     : No
Netlist Hierarchy                  : As_Optimized
RTL Output                         : Yes
Global Optimization                : AllClockNets
Read Cores                         : YES
Write Timing Constraints           : NO
Cross Clock Analysis               : NO
Hierarchy Separator                : /
Bus Delimiter                      : <>
Case Specifier                     : Maintain
Slice Utilization Ratio            : 100
BRAM Utilization Ratio             : 100
Verilog 2001                       : YES
Auto BRAM Packing                  : NO
Slice Utilization Ratio Delta      : 5

=========================================================================


=========================================================================
*                          HDL Compilation                              *
=========================================================================
Compiling verilog file "Console.v" in library work
Compiling verilog file "Microprocessor.v" in library work
Module <Console> compiled
Module <Microprocessor> compiled
No errors in compilation
Analysis of file <"Microprocessor.prj"> succeeded.
 

=========================================================================
*                     Design Hierarchy Analysis                         *
=========================================================================
Analyzing hierarchy for module <Microprocessor> in library <work>.

Analyzing hierarchy for module <Console> in library <work>.


=========================================================================
*                            HDL Analysis                               *
=========================================================================
Analyzing top module <Microprocessor>.
INFO:Xst:1433 - Contents of array <registers> may be accessed with an index that exceeds the array size. This could cause simulation mismatch.
Module <Microprocessor> is correct for synthesis.
 
Analyzing module <Console> in library <work>.
Module <Console> is correct for synthesis.
 

=========================================================================
*                           HDL Synthesis                               *
=========================================================================

Performing bidirectional port resolution...

Synthesizing Unit <Console>.
    Related source file is "Console.v".
Unit <Console> synthesized.


Synthesizing Unit <Microprocessor>.
    Related source file is "Microprocessor.v".
WARNING:Xst:646 - Signal <rw_num<4>> is assigned but never used. This unconnected signal will be trimmed during the optimization process.
WARNING:Xst:1780 - Signal <delay_4> is never used or assigned. This unconnected signal will be trimmed during the optimization process.
WARNING:Xst:1780 - Signal <delay_2> is never used or assigned. This unconnected signal will be trimmed during the optimization process.
    Register <reg_invalid> equivalent to <data_invalid> has been removed
    Found 1-bit register for signal <data_invalid>.
    Found 26-bit up counter for signal <delay>.
    Found 8-bit 4-to-1 multiplexer for signal <display_bus>.
    Found 1-bit register for signal <four_sec>.
    Found 256-bit register for signal <memory>.
    Found 2-bit register for signal <op_out>.
    Found 8-bit register for signal <pc>.
    Found 8-bit adder carry in for signal <pc$mux0000>.
    Found 32-bit register for signal <registers>.
    Found 5-bit register for signal <rw_num>.
    Found 1-bit register for signal <sec>.
    Found 1-bit register for signal <two_sec>.
INFO:Xst:738 - HDL ADVISOR - 256 flip-flops were inferred for signal <memory>. You may be trying to describe a RAM in a way that is incompatible with block and distributed RAM resources available on Xilinx devices, or with a specific template that is not supported. Please review the Xilinx resources documentation and the XST user manual for coding guidelines. Taking advantage of RAM resources will lead to improved device usage and reduced synthesis time.
    Summary:
	inferred   1 Counter(s).
	inferred  75 D-type flip-flop(s).
	inferred   3 Adder/Subtractor(s).
	inferred  32 Multiplexer(s).
Unit <Microprocessor> synthesized.

INFO:Xst:1767 - HDL ADVISOR - Resource sharing has identified that some arithmetic operations in this design can share the same physical resources for reduced device utilization. For improved clock frequency you may try to disable resource sharing.

=========================================================================
HDL Synthesis Report

Macro Statistics
# Adders/Subtractors                                   : 3
 8-bit adder                                           : 2
 8-bit adder carry in                                  : 1
# Counters                                             : 1
 26-bit up counter                                     : 1
# Registers                                            : 43
 1-bit register                                        : 4
 2-bit register                                        : 1
 5-bit register                                        : 1
 8-bit register                                        : 37
# Multiplexers                                         : 4
 8-bit 32-to-1 multiplexer                             : 1
 8-bit 4-to-1 multiplexer                              : 3

=========================================================================

=========================================================================
*                       Advanced HDL Synthesis                          *
=========================================================================

WARNING:Xst:1710 - FF/Latch <rw_num_2> (without init value) has a constant value of 0 in block <Microprocessor>. This FF/Latch will be trimmed during the optimization process.
WARNING:Xst:1710 - FF/Latch <rw_num_3> (without init value) has a constant value of 0 in block <Microprocessor>. This FF/Latch will be trimmed during the optimization process.
WARNING:Xst:2677 - Node <rw_num_4> of sequential type is unconnected in block <Microprocessor>.

Synthesizing (advanced) Unit <Microprocessor>.
The following registers are absorbed into accumulator <pc>: 1 register on signal <pc>.
Unit <Microprocessor> synthesized (advanced).
WARNING:Xst:2677 - Node <rw_num_4> of sequential type is unconnected in block <Microprocessor>.

=========================================================================
Advanced HDL Synthesis Report

Macro Statistics
# Adders/Subtractors                                   : 2
 5-bit adder                                           : 1
 8-bit adder                                           : 1
# Counters                                             : 1
 26-bit up counter                                     : 1
# Accumulators                                         : 1
 8-bit up accumulator cin                              : 1
# Registers                                            : 298
 Flip-Flops                                            : 298
# Multiplexers                                         : 4
 8-bit 32-to-1 multiplexer                             : 1
 8-bit 4-to-1 multiplexer                              : 3

=========================================================================

=========================================================================
*                         Low Level Synthesis                           *
=========================================================================
WARNING:Xst:1710 - FF/Latch <rw_num_2> (without init value) has a constant value of 0 in block <Microprocessor>. This FF/Latch will be trimmed during the optimization process.
WARNING:Xst:1710 - FF/Latch <rw_num_3> (without init value) has a constant value of 0 in block <Microprocessor>. This FF/Latch will be trimmed during the optimization process.

Optimizing unit <Microprocessor> ...

Mapping all equations...
Building and optimizing final netlist ...
Found area constraint ratio of 100 (+ 5) on block Microprocessor, actual ratio is 43.
FlipFlop op_out_1 has been replicated 1 time(s) to handle iob=true attribute.
FlipFlop op_out_0 has been replicated 1 time(s) to handle iob=true attribute.

Final Macro Processing ...

=========================================================================
Final Register Report

Macro Statistics
# Registers                                            : 332
 Flip-Flops                                            : 332

=========================================================================

=========================================================================
*                           Partition Report                            *
=========================================================================

Partition Implementation Status
-------------------------------

  No Partitions were found in this design.

-------------------------------

=========================================================================
*                            Final Report                               *
=========================================================================
Final Results
RTL Top Level Output File Name     : Microprocessor.ngr
Top Level Output File Name         : Microprocessor
Output Format                      : NGC
Optimization Goal                  : Speed
Keep Hierarchy                     : No

Design Statistics
# IOs                              : 63

Cell Usage :
# BELS                             : 666
#      GND                         : 1
#      INV                         : 5
#      LUT1                        : 25
#      LUT2                        : 16
#      LUT3                        : 92
#      LUT3_D                      : 1
#      LUT4                        : 246
#      LUT4_D                      : 6
#      LUT4_L                      : 26
#      MUXCY                       : 39
#      MUXF5                       : 110
#      MUXF6                       : 32
#      MUXF7                       : 16
#      MUXF8                       : 8
#      VCC                         : 1
#      XORCY                       : 42
# FlipFlops/Latches                : 332
#      FDC                         : 40
#      FDCE                        : 132
#      FDE                         : 7
#      FDP                         : 1
#      FDPE                        : 124
#      FDR                         : 28
# Clock Buffers                    : 2
#      BUFG                        : 1
#      BUFGP                       : 1
# IO Buffers                       : 62
#      IBUF                        : 11
#      OBUF                        : 51
=========================================================================

Device utilization summary:
---------------------------

Selected Device : 3s50antqg144-5 

 Number of Slices:                      319  out of    704    45%  
 Number of Slice Flip Flops:            330  out of   1408    23%  
 Number of 4 input LUTs:                417  out of   1408    29%  
 Number of IOs:                          63
 Number of bonded IOBs:                  63  out of    108    58%  
    IOB Flip Flops:                       2
 Number of GCLKs:                         2  out of     24     8%  

---------------------------
Partition Resource Summary:
---------------------------

  No Partitions were found in this design.

---------------------------


=========================================================================
TIMING REPORT

NOTE: THESE TIMING NUMBERS ARE ONLY A SYNTHESIS ESTIMATE.
      FOR ACCURATE TIMING INFORMATION PLEASE REFER TO THE TRACE REPORT
      GENERATED AFTER PLACE-and-ROUTE.

Clock Information:
------------------
-----------------------------------+------------------------+-------+
Clock Signal                       | Clock buffer(FF name)  | Load  |
-----------------------------------+------------------------+-------+
oscillator                         | BUFGP                  | 27    |
clock_OBUF1(clock_f5:O)            | BUFG(*)(data_invalid)  | 303   |
sec                                | NONE(two_sec)          | 1     |
two_sec                            | NONE(four_sec)         | 1     |
-----------------------------------+------------------------+-------+
(*) This 1 clock signal(s) are generated by combinatorial logic,
and XST is not able to identify which are the primary clock signals.
Please use the CLOCK_SIGNAL constraint to specify the clock signal(s) generated by combinatorial logic.
INFO:Xst:2169 - HDL ADVISOR - Some clock signals were not automatically buffered by XST with BUFG/BUFR resources. Please use the buffer_type constraint in order to insert these buffers to the clock signals to help prevent skew problems.

Asynchronous Control Signals Information:
----------------------------------------
-----------------------------------+------------------------+-------+
Control Signal                     | Buffer(FF name)        | Load  |
-----------------------------------+------------------------+-------+
reset                              | IBUF                   | 297   |
-----------------------------------+------------------------+-------+

Timing Summary:
---------------
Speed Grade: -5

   Minimum period: 8.078ns (Maximum Frequency: 123.800MHz)
   Minimum input arrival time before clock: 8.827ns
   Maximum output required time after clock: 8.853ns
   Maximum combinational path delay: 6.878ns

Timing Detail:
--------------
All values displayed in nanoseconds (ns)

=========================================================================
Timing constraint: Default period analysis for Clock 'oscillator'
  Clock period: 4.845ns (frequency: 206.389MHz)
  Total number of paths / destination ports: 1054 / 54
-------------------------------------------------------------------------
Delay:               4.845ns (Levels of Logic = 3)
  Source:            delay_1 (FF)
  Destination:       delay_0 (FF)
  Source Clock:      oscillator rising
  Destination Clock: oscillator rising

  Data Path: delay_1 to delay_0
                                Gate     Net
    Cell:in->out      fanout   Delay   Delay  Logical Name (Net Name)
    ----------------------------------------  ------------
     FDR:C->Q              2   0.495   0.488  delay_1 (delay_1)
     LUT4:I0->O            1   0.561   0.465  delay_cmp_eq00001121 (delay_cmp_eq0000112)
     LUT4_D:I0->LO         1   0.561   0.208  delay_cmp_eq0000164 (N265)
     LUT4:I0->O           26   0.561   1.071  delay_cmp_eq000035 (delay_cmp_eq0000)
     FDR:R                     0.435          delay_0
    ----------------------------------------
    Total                      4.845ns (2.613ns logic, 2.232ns route)
                                       (53.9% logic, 46.1% route)

=========================================================================
Timing constraint: Default period analysis for Clock 'clock_OBUF1'
  Clock period: 8.078ns (frequency: 123.800MHz)
  Total number of paths / destination ports: 29858 / 554
-------------------------------------------------------------------------
Delay:               8.078ns (Levels of Logic = 8)
  Source:            registers_0_0 (FF)
  Destination:       registers_0_0 (FF)
  Source Clock:      clock_OBUF1 rising
  Destination Clock: clock_OBUF1 rising

  Data Path: registers_0_0 to registers_0_0
                                Gate     Net
    Cell:in->out      fanout   Delay   Delay  Logical Name (Net Name)
    ----------------------------------------  ------------
     FDC:C->Q              4   0.495   0.565  registers_0_0 (registers_0_0)
     LUT3:I1->O            1   0.562   0.000  Mmux__COND_5_2_f5_F (N197)
     MUXF5:I0->O         136   0.229   1.103  Mmux__COND_5_2_f5 (_COND_5<0>)
     LUT4:I3->O            4   0.561   0.522  Madd__COND_7_Madd_cy<1>11 (Madd__COND_7_Madd_cy<1>)
     LUT3:I2->O           32   0.561   1.073  Madd__COND_7_Madd_xor<2>11_1 (Madd__COND_7_Madd_xor<2>11)
     MUXF6:S->O            1   0.649   0.000  Mmux__COND_8_6_f6_6 (Mmux__COND_8_6_f67)
     MUXF7:I0->O           1   0.239   0.000  Mmux__COND_8_4_f7_6 (Mmux__COND_8_4_f77)
     MUXF8:I0->O           4   0.239   0.522  Mmux__COND_8_2_f8_6 (_COND_8<7>)
     LUT3:I2->O            1   0.561   0.000  registers_3_mux0000<7> (registers_3_mux0000<7>)
     FDC:D                     0.197          registers_3_7
    ----------------------------------------
    Total                      8.078ns (4.293ns logic, 3.785ns route)
                                       (53.1% logic, 46.9% route)

=========================================================================
Timing constraint: Default period analysis for Clock 'sec'
  Clock period: 1.381ns (frequency: 723.929MHz)
  Total number of paths / destination ports: 1 / 1
-------------------------------------------------------------------------
Delay:               1.381ns (Levels of Logic = 0)
  Source:            two_sec (FF)
  Destination:       two_sec (FF)
  Source Clock:      sec rising
  Destination Clock: sec rising

  Data Path: two_sec to two_sec
                                Gate     Net
    Cell:in->out      fanout   Delay   Delay  Logical Name (Net Name)
    ----------------------------------------  ------------
     FDR:C->Q              3   0.495   0.451  two_sec (two_sec)
     FDR:R                     0.435          two_sec
    ----------------------------------------
    Total                      1.381ns (0.930ns logic, 0.451ns route)
                                       (67.3% logic, 32.7% route)

=========================================================================
Timing constraint: Default period analysis for Clock 'two_sec'
  Clock period: 1.381ns (frequency: 723.929MHz)
  Total number of paths / destination ports: 1 / 1
-------------------------------------------------------------------------
Delay:               1.381ns (Levels of Logic = 0)
  Source:            four_sec (FF)
  Destination:       four_sec (FF)
  Source Clock:      two_sec rising
  Destination Clock: two_sec rising

  Data Path: four_sec to four_sec
                                Gate     Net
    Cell:in->out      fanout   Delay   Delay  Logical Name (Net Name)
    ----------------------------------------  ------------
     FDR:C->Q              3   0.495   0.451  four_sec (four_sec)
     FDR:R                     0.435          four_sec
    ----------------------------------------
    Total                      1.381ns (0.930ns logic, 0.451ns route)
                                       (67.3% logic, 32.7% route)

=========================================================================
Timing constraint: Default OFFSET IN BEFORE for Clock 'clock_OBUF1'
  Total number of paths / destination ports: 27751 / 565
-------------------------------------------------------------------------
Offset:              8.827ns (Levels of Logic = 9)
  Source:            instruction<4> (PAD)
  Destination:       registers_0_0 (FF)
  Destination Clock: clock_OBUF1 rising

  Data Path: instruction<4> to registers_0_0
                                Gate     Net
    Cell:in->out      fanout   Delay   Delay  Logical Name (Net Name)
    ----------------------------------------  ------------
     IBUF:I->O            16   0.824   0.987  instruction_4_IBUF (instruction_4_IBUF)
     LUT3:I0->O            1   0.561   0.000  Mmux__COND_5_2_f5_F (N197)
     MUXF5:I0->O         136   0.229   1.103  Mmux__COND_5_2_f5 (_COND_5<0>)
     LUT4:I3->O            4   0.561   0.522  Madd__COND_7_Madd_cy<1>11 (Madd__COND_7_Madd_cy<1>)
     LUT3:I2->O           32   0.561   1.073  Madd__COND_7_Madd_xor<2>11_1 (Madd__COND_7_Madd_xor<2>11)
     MUXF6:S->O            1   0.649   0.000  Mmux__COND_8_6_f6_6 (Mmux__COND_8_6_f67)
     MUXF7:I0->O           1   0.239   0.000  Mmux__COND_8_4_f7_6 (Mmux__COND_8_4_f77)
     MUXF8:I0->O           4   0.239   0.522  Mmux__COND_8_2_f8_6 (_COND_8<7>)
     LUT3:I2->O            1   0.561   0.000  registers_3_mux0000<7> (registers_3_mux0000<7>)
     FDC:D                     0.197          registers_3_7
    ----------------------------------------
    Total                      8.827ns (4.621ns logic, 4.206ns route)
                                       (52.3% logic, 47.7% route)

=========================================================================
Timing constraint: Default OFFSET OUT AFTER for Clock 'two_sec'
  Total number of paths / destination ports: 2 / 1
-------------------------------------------------------------------------
Offset:              6.579ns (Levels of Logic = 3)
  Source:            four_sec (FF)
  Destination:       clock (PAD)
  Source Clock:      two_sec rising

  Data Path: four_sec to clock
                                Gate     Net
    Cell:in->out      fanout   Delay   Delay  Logical Name (Net Name)
    ----------------------------------------  ------------
     FDR:C->Q              3   0.495   0.517  four_sec (four_sec)
     LUT4:I1->O            1   0.562   0.000  clock2 (clock2)
     MUXF5:I0->O           2   0.229   0.380  clock_f5 (clock_OBUF1)
     OBUF:I->O                 4.396          clock_OBUF (clock)
    ----------------------------------------
    Total                      6.579ns (5.682ns logic, 0.897ns route)
                                       (86.4% logic, 13.6% route)

=========================================================================
Timing constraint: Default OFFSET OUT AFTER for Clock 'oscillator'
  Total number of paths / destination ports: 2 / 1
-------------------------------------------------------------------------
Offset:              6.627ns (Levels of Logic = 3)
  Source:            sec (FF)
  Destination:       clock (PAD)
  Source Clock:      oscillator rising

  Data Path: sec to clock
                                Gate     Net
    Cell:in->out      fanout   Delay   Delay  Logical Name (Net Name)
    ----------------------------------------  ------------
     FDE:C->Q              4   0.495   0.565  sec (sec)
     LUT4:I1->O            1   0.562   0.000  clock1 (clock1)
     MUXF5:I1->O           2   0.229   0.380  clock_f5 (clock_OBUF1)
     OBUF:I->O                 4.396          clock_OBUF (clock)
    ----------------------------------------
    Total                      6.627ns (5.682ns logic, 0.945ns route)
                                       (85.7% logic, 14.3% route)

=========================================================================
Timing constraint: Default OFFSET OUT AFTER for Clock 'sec'
  Total number of paths / destination ports: 1 / 1
-------------------------------------------------------------------------
Offset:              6.374ns (Levels of Logic = 2)
  Source:            two_sec (FF)
  Destination:       clock (PAD)
  Source Clock:      sec rising

  Data Path: two_sec to clock
                                Gate     Net
    Cell:in->out      fanout   Delay   Delay  Logical Name (Net Name)
    ----------------------------------------  ------------
     FDR:C->Q              3   0.495   0.451  two_sec (two_sec)
     MUXF5:S->O            2   0.652   0.380  clock_f5 (clock_OBUF1)
     OBUF:I->O                 4.396          clock_OBUF (clock)
    ----------------------------------------
    Total                      6.374ns (5.543ns logic, 0.831ns route)
                                       (87.0% logic, 13.0% route)

=========================================================================
Timing constraint: Default OFFSET OUT AFTER for Clock 'clock_OBUF1'
  Total number of paths / destination ports: 802 / 48
-------------------------------------------------------------------------
Offset:              8.853ns (Levels of Logic = 5)
  Source:            rw_num_0 (FF)
  Destination:       rwd_0<6> (PAD)
  Source Clock:      clock_OBUF1 rising

  Data Path: rw_num_0 to rwd_0<6>
                                Gate     Net
    Cell:in->out      fanout   Delay   Delay  Logical Name (Net Name)
    ----------------------------------------  ------------
     FDE:C->Q             21   0.495   1.067  rw_num_0 (rw_num_0)
     LUT3:I0->O            1   0.561   0.000  Mmux_display_bus_3 (Mmux_display_bus_3)
     MUXF5:I1->O          14   0.229   0.958  Mmux_display_bus_2_f5 (display_bus<0>)
     LUT4:I0->O            1   0.561   0.000  data0/sseg<1>1 (data0/sseg<1>)
     MUXF5:I1->O           1   0.229   0.357  data0/sseg<1>_f5 (rwd_0_1_OBUF)
     OBUF:I->O                 4.396          rwd_0_1_OBUF (rwd_0<1>)
    ----------------------------------------
    Total                      8.853ns (6.471ns logic, 2.382ns route)
                                       (73.1% logic, 26.9% route)

=========================================================================
Timing constraint: Default path analysis
  Total number of paths / destination ports: 4 / 1
-------------------------------------------------------------------------
Delay:               6.878ns (Levels of Logic = 4)
  Source:            frequency_4 (PAD)
  Destination:       clock (PAD)

  Data Path: frequency_4 to clock
                                Gate     Net
    Cell:in->out      fanout   Delay   Delay  Logical Name (Net Name)
    ----------------------------------------  ------------
     IBUF:I->O             2   0.824   0.488  frequency_4_IBUF (frequency_4_IBUF)
     LUT4:I0->O            1   0.561   0.000  clock1 (clock1)
     MUXF5:I1->O           2   0.229   0.380  clock_f5 (clock_OBUF1)
     OBUF:I->O                 4.396          clock_OBUF (clock)
    ----------------------------------------
    Total                      6.878ns (6.010ns logic, 0.868ns route)
                                       (87.4% logic, 12.6% route)

=========================================================================


Total REAL time to Xst completion: 4.00 secs
Total CPU time to Xst completion: 4.28 secs
 
--> 


Total memory usage is 514180 kilobytes

Number of errors   :    0 (   0 filtered)
Number of warnings :   10 (   0 filtered)
Number of infos    :    4 (   0 filtered)

