Release 14.7 - ngc2edif P.20131013 (lin64)
Copyright (c) 1995-2013 Xilinx, Inc.  All rights reserved.
Reading design Microprocessor.ngc ...
WARNING:NetListWriters:298 - No output is written to Microprocessor.xncf,
   ignored.
Processing design ...
   Preping design's networks ...
   Preping design's macros ...
  finished :Prep
Writing EDIF netlist file Microprocessor.edif ...
ngc2edif: Total memory usage is 92148 kilobytes

Release 14.7 - ngc2edif P.20131013 (lin64)
Copyright (c) 1995-2013 Xilinx, Inc.  All rights reserved.
Reading design Microprocessor.ngc ...
WARNING:NetListWriters:298 - No output is written to Microprocessor.xncf,
   ignored.
Processing design ...
   Preping design's networks ...
   Preping design's macros ...
  finished :Prep
Writing EDIF netlist file Microprocessor.edif ...
ngc2edif: Total memory usage is 92152 kilobytes

Release 14.7 - ngc2edif P.20131013 (lin64)
Copyright (c) 1995-2013 Xilinx, Inc.  All rights reserved.
Reading design Microprocessor.ngc ...
WARNING:NetListWriters:298 - No output is written to Microprocessor.xncf,
   ignored.
Processing design ...
   Preping design's networks ...
   Preping design's macros ...
  finished :Prep
Writing EDIF netlist file Microprocessor.edif ...
ngc2edif: Total memory usage is 92156 kilobytes

Release 14.7 - ngc2edif P.20131013 (lin64)
Copyright (c) 1995-2013 Xilinx, Inc.  All rights reserved.
Reading design Microprocessor.ngc ...
WARNING:NetListWriters:298 - No output is written to Microprocessor.xncf,
   ignored.
Processing design ...
   Preping design's networks ...
   Preping design's macros ...
  finished :Prep
Writing EDIF netlist file Microprocessor.edif ...
ngc2edif: Total memory usage is 92148 kilobytes

Release 14.7 - ngc2edif P.20131013 (lin64)
Copyright (c) 1995-2013 Xilinx, Inc.  All rights reserved.
Reading design Microprocessor.ngc ...
WARNING:NetListWriters:298 - No output is written to Microprocessor.xncf,
   ignored.
Processing design ...
   Preping design's networks ...
   Preping design's macros ...
  finished :Prep
Writing EDIF netlist file Microprocessor.edif ...
ngc2edif: Total memory usage is 92152 kilobytes

Release 14.7 - ngc2edif P.20131013 (lin64)
Copyright (c) 1995-2013 Xilinx, Inc.  All rights reserved.
Reading design Microprocessor.ngc ...
WARNING:NetListWriters:298 - No output is written to Microprocessor.xncf,
   ignored.
Processing design ...
   Preping design's networks ...
   Preping design's macros ...
  finished :Prep
Writing EDIF netlist file Microprocessor.edif ...
ngc2edif: Total memory usage is 92152 kilobytes

Release 14.7 - ngc2edif P.20131013 (lin64)
Copyright (c) 1995-2013 Xilinx, Inc.  All rights reserved.
Reading design Microprocessor.ngc ...
WARNING:NetListWriters:298 - No output is written to Microprocessor.xncf,
   ignored.
Processing design ...
   Preping design's networks ...
   Preping design's macros ...
  finished :Prep
Writing EDIF netlist file Microprocessor.edif ...
ngc2edif: Total memory usage is 92156 kilobytes

Release 14.7 - ngc2edif P.20131013 (lin64)
Copyright (c) 1995-2013 Xilinx, Inc.  All rights reserved.
Reading design Microprocessor.ngc ...
WARNING:NetListWriters:298 - No output is written to Microprocessor.xncf,
   ignored.
Processing design ...
   Preping design's networks ...
   Preping design's macros ...
  finished :Prep
Writing EDIF netlist file Microprocessor.edif ...
ngc2edif: Total memory usage is 92156 kilobytes

Release 14.7 - ngc2edif P.20131013 (lin64)
Copyright (c) 1995-2013 Xilinx, Inc.  All rights reserved.
Reading design Microprocessor.ngc ...
WARNING:NetListWriters:298 - No output is written to Microprocessor.xncf,
   ignored.
Processing design ...
   Preping design's networks ...
   Preping design's macros ...
WARNING:NetListWriters:306 - Signal bus Madd_pc_mux0000_cy<3 : 0> on block
   Microprocessor is not reconstructed, because there are some missing bus
   signals.
WARNING:NetListWriters:306 - Signal bus _COND_4<7 : 0> on block Microprocessor
   is not reconstructed, because there are some missing bus signals.
WARNING:NetListWriters:306 - Signal bus ir<7 : 0> on block Microprocessor is not
   reconstructed, because there are some missing bus signals.
  finished :Prep
Writing EDIF netlist file Microprocessor.edif ...
ngc2edif: Total memory usage is 93556 kilobytes

Release 14.7 - ngc2edif P.20131013 (lin64)
Copyright (c) 1995-2013 Xilinx, Inc.  All rights reserved.
Reading design Microprocessor.ngc ...
WARNING:NetListWriters:298 - No output is written to Microprocessor.xncf,
   ignored.
Processing design ...
   Preping design's networks ...
   Preping design's macros ...
WARNING:NetListWriters:306 - Signal bus Madd_pc_mux0000_cy<3 : 0> on block
   Microprocessor is not reconstructed, because there are some missing bus
   signals.
WARNING:NetListWriters:306 - Signal bus _COND_4<7 : 0> on block Microprocessor
   is not reconstructed, because there are some missing bus signals.
WARNING:NetListWriters:306 - Signal bus ir<7 : 0> on block Microprocessor is not
   reconstructed, because there are some missing bus signals.
  finished :Prep
Writing EDIF netlist file Microprocessor.edif ...
ngc2edif: Total memory usage is 93568 kilobytes

Release 14.7 - ngc2edif P.20131013 (lin64)
Copyright (c) 1995-2013 Xilinx, Inc.  All rights reserved.
Reading design Microprocessor.ngc ...
WARNING:NetListWriters:298 - No output is written to Microprocessor.xncf,
   ignored.
Processing design ...
   Preping design's networks ...
   Preping design's macros ...
WARNING:NetListWriters:306 - Signal bus Madd_pc_mux0000_cy<3 : 0> on block
   Microprocessor is not reconstructed, because there are some missing bus
   signals.
WARNING:NetListWriters:306 - Signal bus _COND_4<7 : 0> on block Microprocessor
   is not reconstructed, because there are some missing bus signals.
WARNING:NetListWriters:306 - Signal bus ir<7 : 0> on block Microprocessor is not
   reconstructed, because there are some missing bus signals.
  finished :Prep
Writing EDIF netlist file Microprocessor.edif ...
ngc2edif: Total memory usage is 93596 kilobytes

Release 14.7 - ngc2edif P.20131013 (lin64)
Copyright (c) 1995-2013 Xilinx, Inc.  All rights reserved.
Reading design Microprocessor.ngc ...
WARNING:NetListWriters:298 - No output is written to Microprocessor.xncf,
   ignored.
Processing design ...
   Preping design's networks ...
   Preping design's macros ...
  finished :Prep
Writing EDIF netlist file Microprocessor.edif ...
ngc2edif: Total memory usage is 93608 kilobytes

Release 14.7 - ngc2edif P.20131013 (lin64)
Copyright (c) 1995-2013 Xilinx, Inc.  All rights reserved.
Reading design Microprocessor.ngc ...
WARNING:NetListWriters:298 - No output is written to Microprocessor.xncf,
   ignored.
Processing design ...
   Preping design's networks ...
   Preping design's macros ...
  finished :Prep
Writing EDIF netlist file Microprocessor.edif ...
ngc2edif: Total memory usage is 93612 kilobytes

Release 14.7 - ngc2edif P.20131013 (lin64)
Copyright (c) 1995-2013 Xilinx, Inc.  All rights reserved.
Reading design Microprocessor.ngc ...
WARNING:NetListWriters:298 - No output is written to Microprocessor.xncf,
   ignored.
Processing design ...
   Preping design's networks ...
   Preping design's macros ...
  finished :Prep
Writing EDIF netlist file Microprocessor.edif ...
ngc2edif: Total memory usage is 93612 kilobytes

Release 14.7 - ngc2edif P.20131013 (lin64)
Copyright (c) 1995-2013 Xilinx, Inc.  All rights reserved.
Reading design Microprocessor.ngc ...
WARNING:NetListWriters:298 - No output is written to Microprocessor.xncf,
   ignored.
Processing design ...
   Preping design's networks ...
   Preping design's macros ...
  finished :Prep
Writing EDIF netlist file Microprocessor.edif ...
ngc2edif: Total memory usage is 93608 kilobytes

Release 14.7 - ngc2edif P.20131013 (lin64)
Copyright (c) 1995-2013 Xilinx, Inc.  All rights reserved.
Reading design Microprocessor.ngc ...
WARNING:NetListWriters:298 - No output is written to Microprocessor.xncf,
   ignored.
Processing design ...
   Preping design's networks ...
   Preping design's macros ...
  finished :Prep
Writing EDIF netlist file Microprocessor.edif ...
ngc2edif: Total memory usage is 93604 kilobytes

Release 14.7 - ngc2edif P.20131013 (lin64)
Copyright (c) 1995-2013 Xilinx, Inc.  All rights reserved.
Reading design Microprocessor.ngc ...
WARNING:NetListWriters:298 - No output is written to Microprocessor.xncf,
   ignored.
Processing design ...
   Preping design's networks ...
   Preping design's macros ...
  finished :Prep
Writing EDIF netlist file Microprocessor.edif ...
ngc2edif: Total memory usage is 93608 kilobytes

