#-----------------------------------------------------------
# PlanAhead v14.7 (64-bit)
# Build 321239 by xbuild on Fri Sep 27 19:24:36 MDT 2013
# Start of session at: Thu Jun 11 23:19:07 2020
# Process ID: 20632
# Log file: /csehome/sjarelkral/Work/Microprocessor/IMEM/planAhead_run_1/planAhead.log
# Journal file: /csehome/sjarelkral/Work/Microprocessor/IMEM/planAhead_run_1/planAhead.jou
#-----------------------------------------------------------
INFO: [Common 17-78] Attempting to get a license: PlanAhead
INFO: [Common 17-290] Got license for PlanAhead
INFO: [Common 17-86] Your PlanAhead license expires in -1533 day(s)
INFO: [Device 21-36] Loading parts and site information from /opt/Xilinx/14.7/ISE_DS/PlanAhead/data/parts/arch.xml
Parsing RTL primitives file [/opt/Xilinx/14.7/ISE_DS/PlanAhead/data/parts/xilinx/rtl/prims/rtl_prims.xml]
Finished parsing RTL primitives file [/opt/Xilinx/14.7/ISE_DS/PlanAhead/data/parts/xilinx/rtl/prims/rtl_prims.xml]
start_gui
source /csehome/sjarelkral/Work/Microprocessor/IMEM/pa.fromNetlist.tcl
# create_project -name IMEM -dir "/csehome/sjarelkral/Work/Microprocessor/IMEM/planAhead_run_1" -part xc3s50antqg144-5
# set_property design_mode GateLvl [get_property srcset [current_run -impl]]
# set_property edif_top_file "/csehome/sjarelkral/Work/Microprocessor/IMEM/IMEM.ngc" [ get_property srcset [ current_run ] ]
# add_files -norecurse { {/csehome/sjarelkral/Work/Microprocessor/IMEM} }
# set_param project.pinAheadLayout  yes
# set_property target_constrs_file "IMEM.ucf" [current_fileset -constrset]
Adding file '/csehome/sjarelkral/Work/Microprocessor/IMEM/IMEM.ucf' to fileset 'constrs_1'
# add_files [list {IMEM.ucf}] -fileset [get_property constrset [current_run]]
# link_design
Design is defaulting to srcset: sources_1
Design is defaulting to constrset: constrs_1
Design is defaulting to project part: xc3s50antqg144-5
Release 14.7 - ngc2edif P.20131013 (lin64)
Copyright (c) 1995-2013 Xilinx, Inc.  All rights reserved.

Release 14.7 - ngc2edif P.20131013 (lin64)
Copyright (c) 1995-2013 Xilinx, Inc.  All rights reserved.
Reading design IMEM.ngc ...
WARNING:NetListWriters:298 - No output is written to IMEM.xncf, ignored.
Processing design ...
   Preping design's networks ...
   Preping design's macros ...
  finished :Prep
Writing EDIF netlist file IMEM.edif ...
ngc2edif: Total memory usage is 91916 kilobytes

Parsing EDIF File [./planAhead_run_1/IMEM.data/cache/IMEM_ngc_4b924b6.edif]
Finished Parsing EDIF File [./planAhead_run_1/IMEM.data/cache/IMEM_ngc_4b924b6.edif]
INFO: [Designutils 20-910] Reading macro library /opt/Xilinx/14.7/ISE_DS/PlanAhead/data/./parts/xilinx/spartan3a/hd_int_macros.edn
Parsing EDIF File [/opt/Xilinx/14.7/ISE_DS/PlanAhead/data/./parts/xilinx/spartan3a/hd_int_macros.edn]
Finished Parsing EDIF File [/opt/Xilinx/14.7/ISE_DS/PlanAhead/data/./parts/xilinx/spartan3a/hd_int_macros.edn]
Loading clock regions from /opt/Xilinx/14.7/ISE_DS/PlanAhead/data/parts/xilinx/spartan3a/spartan3a/xc3s50an/ClockRegion.xml
Loading clock buffers from /opt/Xilinx/14.7/ISE_DS/PlanAhead/data/parts/xilinx/spartan3a/spartan3a/xc3s50an/ClockBuffers.xml
Loading package from /opt/Xilinx/14.7/ISE_DS/PlanAhead/data/parts/xilinx/spartan3a/spartan3a/xc3s50an/tqg144/Package.xml
Loading io standards from /opt/Xilinx/14.7/ISE_DS/PlanAhead/data/./parts/xilinx/spartan3a/IOStandards.xml
INFO: [Device 21-19] Loading pkg sso from /opt/Xilinx/14.7/ISE_DS/PlanAhead/data/parts/xilinx/spartan3a/spartan3a/xc3s50an/tqg144/SSORules.xml
Loading list of drcs for the architecture : /opt/Xilinx/14.7/ISE_DS/PlanAhead/data/./parts/xilinx/spartan3a/drc.xml
INFO: [Timing 38-77] Reading timing library /opt/Xilinx/14.7/ISE_DS/PlanAhead/data/parts/xilinx/spartan3a/spartan3a/spartan3a-5.lib.
INFO: [Timing 38-34] Done reading timing library /opt/Xilinx/14.7/ISE_DS/PlanAhead/data/parts/xilinx/spartan3a/spartan3a/spartan3a-5.lib.
Parsing UCF File [/csehome/sjarelkral/Work/Microprocessor/IMEM/IMEM.ucf]
Finished Parsing UCF File [/csehome/sjarelkral/Work/Microprocessor/IMEM/IMEM.ucf]
INFO: [Project 1-111] Unisim Transformation Summary:
No Unisim elements were transformed.

Phase 0 | Netlist Checksum: 765e11e5
startgroup
set_property package_pin P130 [get_ports {instruction[7]}]
endgroup
startgroup
set_property package_pin P129 [get_ports {instruction[6]}]
endgroup
startgroup
set_property package_pin P127 [get_ports {instruction[5]}]
endgroup
startgroup
set_property package_pin P126 [get_ports {instruction[4]}]
endgroup
startgroup
set_property package_pin P125 [get_ports {instruction[3]}]
endgroup
startgroup
set_property package_pin P124 [get_ports {instruction[2]}]
endgroup
startgroup
set_property package_pin P121 [get_ports {instruction[1]}]
endgroup
startgroup
set_property package_pin P120 [get_ports {instruction[0]}]
endgroup
startgroup
set_property package_pin P105 [get_ports {Read_Address[7]}]
endgroup
startgroup
set_property package_pin P104 [get_ports {Read_Address[6]}]
endgroup
startgroup
set_property package_pin P104 [get_ports {Read_Address[6]}]
endgroup
startgroup
set_property package_pin P103 [get_ports {Read_Address[5]}]
endgroup
startgroup
set_property package_pin P102 [get_ports {Read_Address[4]}]
endgroup
startgroup
set_property package_pin P101 [get_ports {Read_Address[3]}]
endgroup
set_property package_pin "" [get_ports [list  {Read_Address[1]}]]
startgroup
set_property package_pin P99 [get_ports {Read_Address[2]}]
endgroup
startgroup
set_property package_pin P98 [get_ports {Read_Address[1]}]
endgroup
startgroup
set_property package_pin P96 [get_ports {Read_Address[0]}]
endgroup
save_constraints
exit
ERROR: [#UNDEF] *** Exception: ui.h.b: Found deleted key in HTclEventBroker. Verify if the classes listed here call cleanup()
HTclEvent: SIGNAL_BUS_MODIFY   Classes: ui.views.aR 
HTclEvent: DEBUG_CORE_CONFIG_CHANGE   Classes: ui.views.aR 
HTclEvent: DEBUG_PORT_CONFIG_CHANGE   Classes: ui.views.aR 
HTclEvent: SIGNAL_MODIFY   Classes: ui.views.aR 
 (See /csehome/sjarelkral/Work/Microprocessor/IMEM/planAhead_pid20632.debug)
ERROR: [Common 17-39] 'stop_gui' failed due to earlier errors.
INFO: [Common 17-206] Exiting PlanAhead at Thu Jun 11 23:22:07 2020...
INFO: [Common 17-83] Releasing license: PlanAhead
